<?xml version="1.0" encoding="UTF-8"?>
<testsuite name="com.tech.selenium.tests.RunTest" tests="1" skipped="0" failures="0" errors="0" timestamp="2020-05-08T06:47:33" hostname="CAT-I-OZTURK" time="9.7">
  <properties/>
  <testcase name="exampleTest" classname="com.tech.selenium.tests.RunTest" time="9.7"/>
  <system-out><![CDATA[Giris Basarili
]]></system-out>
  <system-err><![CDATA[SLF4J: Failed to load class "org.slf4j.impl.StaticLoggerBinder".
SLF4J: Defaulting to no-operation (NOP) logger implementation
SLF4J: See http://www.slf4j.org/codes.html#StaticLoggerBinder for further details.
Starting ChromeDriver 81.0.4044.138 (8c6c7ba89cc9453625af54f11fd83179e23450fa-refs/branch-heads/4044@{#999}) on port 42719
Only local connections are allowed.
Please protect ports used by ChromeDriver and related test frameworks to prevent access by malicious code.
May 08, 2020 9:47:38 AM org.openqa.selenium.remote.ProtocolHandshake createSession
INFO: Detected dialect: W3C
[1588920462.066][SEVERE]: Timed out receiving message from renderer: 0.100
[1588920462.168][SEVERE]: Timed out receiving message from renderer: 0.100
]]></system-err>
</testsuite>
